<?xml version="1.0" encoding="UTF-8"?>
<testsuite xmlns:xsi="http://www.w3.org/2001/XMLSchema-instance" xsi:noNamespaceSchemaLocation="https://maven.apache.org/surefire/maven-surefire-plugin/xsd/surefire-test-report.xsd" name="TestSuite" time="139.669" tests="7" errors="0" skipped="0" failures="1">
  <properties>
[...]
</properties>
  <testcase name="discoveryCategoryFranceSignUp" classname="testCases.SignUpTest" time="43.381">
    <failure message="Expected condition failed: waiting for element to be clickable: Proxy element for: DefaultElementLocator &apos;By.xpath: //button[text()=&apos;Agree&apos;]&apos; (tried for 10 second(s) with 500 milliseconds interval)" type="org.openqa.selenium.TimeoutException">org.openqa.selenium.TimeoutException: Expected condition failed: waiting for element to be clickable: Proxy element for: DefaultElementLocator 'By.xpath: //button[text()='Agree']' (tried for 10 second(s) with 500 milliseconds interval)
	at testCases.SignUpTest.creditCardPaymentMethodFrance(SignUpTest.java:402)
	at testCases.SignUpTest.discoveryCategoryFranceSignUp(SignUpTest.java:40)
Caused by: org.openqa.selenium.NoSuchElementException: 
no such element: Unable to locate element: {"method":"xpath","selector":"//button[text()='Agree']"}
  (Session info: chrome=67.0.3396.87)
  (Driver info: chromedriver=2.38.552522 (437e6fbedfa8762dec75e2c5b3ddb86763dc9dcb),platform=Windows NT 6.1.7601 SP1 x86_64) (WARNING: The server did not provide any stacktrace information)
Command duration or timeout: 0 milliseconds
For documentation on this error, please visit: http://seleniumhq.org/exceptions/no_such_element.html
Build info: version: '3.12.0', revision: '7c6e0b3', time: '2018-05-08T14:04:26.12Z'
System info: host: 'KLM115009', ip: '169.254.245.251', os.name: 'Windows 7', os.arch: 'amd64', os.version: '6.1', java.version: '1.8.0_172'
Driver info: org.openqa.selenium.chrome.ChromeDriver
Capabilities {acceptInsecureCerts: false, acceptSslCerts: false, applicationCacheEnabled: false, browserConnectionEnabled: false, browserName: chrome, chrome: {chromedriverVersion: 2.38.552522 (437e6fbedfa876..., userDataDir: C:\Users\X085271\AppData\Lo...}, cssSelectorsEnabled: true, databaseEnabled: false, handlesAlerts: true, hasTouchScreen: false, javascriptEnabled: true, locationContextEnabled: true, mobileEmulationEnabled: false, nativeEvents: true, networkConnectionEnabled: false, pageLoadStrategy: normal, platform: XP, platformName: XP, rotatable: false, setWindowRect: true, takesHeapSnapshot: true, takesScreenshot: true, unexpectedAlertBehaviour: , unhandledPromptBehavior: , version: 67.0.3396.87, webStorageEnabled: true}
Session ID: fcfafd52c2ed6ba55c765887435b4aa8
*** Element info: {Using=xpath, value=//button[text()='Agree']}
	at testCases.SignUpTest.creditCardPaymentMethodFrance(SignUpTest.java:402)
	at testCases.SignUpTest.discoveryCategoryFranceSignUp(SignUpTest.java:40)
</failure>
    <system-out><![CDATA[Method name isdiscoveryCategoryFranceSignUp
Test scenario name isTC001 - Verify the password validations
Test data isSheet1,1
Row number is1
 INFO [main] (SignUpTest.java:289)- Signup button is clicked
 INFO [main] (SignUpTest.java:290)- Checking the Cookies text visibility
 INFO [main] (SignUpTest.java:293)- Clicked the Cookies text allow button
 INFO [main] (SignUpTest.java:295)- Clicked the Country button in Signup options page
 INFO [main] (SignUpTest.java:296)- Taking the screenshot of Signup page
 INFO [main] (SignUpTest.java:302)- Selecting the country
 INFO [main] (SignUpTest.java:305)- Clicking on the Choose button
 INFO [main] (SignUpTest.java:307)- Waiting for personal details screen to load
 INFO [main] (SignUpTest.java:309)- Checking the title text of Personal details screen
 INFO [main] (SignUpTest.java:316)- Clicking on the type of parking web element either Personal or Company type
 INFO [main] (SignUpTest.java:318)- Entering first name in Personal details screen
 INFO [main] (SignUpTest.java:320)- Entering first name in last details screen
 INFO [main] (SignUpTest.java:322)- Entering Email address in Personal details screen
 INFO [main] (SignUpTest.java:324)- Entering password in Personal details screen
 INFO [main] (SignUpTest.java:326)- Entering confirm password in Personal details screen
 INFO [main] (SignUpTest.java:328)- Scrolling till the mobile number field is visible
 INFO [main] (SignUpTest.java:331)- Entering mobile number first name in Personal details screen
 INFO [main] (SignUpTest.java:333)- Scrolling till license plate number is visible
 INFO [main] (SignUpTest.java:335)- Entering text in license plate field of Personal details screen
 INFO [main] (SignUpTest.java:338)- Taking screenshot after filling the details in passenger details screen
 INFO [main] (SignUpTest.java:369)- Scrolling till the credit card payment method is visible
 INFO [main] (SignUpTest.java:371)- Clicking the credit card payment method button
 INFO [main] (SignUpTest.java:374)- Checking the visibility status of Credit card number field
 INFO [main] (SignUpTest.java:377)- Entering text in credit card number field
 INFO [main] (SignUpTest.java:379)- Entering credit card holder name
 INFO [main] (SignUpTest.java:381)- Entering credit card expiry month
 INFO [main] (SignUpTest.java:384)- Entering credit card expiry year
 INFO [main] (SignUpTest.java:387)- Entering credit card CVV code
 INFO [main] (SignUpTest.java:393)- Checking element visibility of Sign up button
 INFO [main] (SignUpTest.java:395)- Clicking on Sign up button
 INFO [main] (SignUpTest.java:399)- Scrolling till credit card agree button is visible
 INFO [main] (SignUpTest.java:401)- Clicking on Credit card Agree button
]]></system-out>
    <system-err><![CDATA[Starting ChromeDriver 2.38.552522 (437e6fbedfa8762dec75e2c5b3ddb86763dc9dcb) on port 19629
Only local connections are allowed.
Jun 26, 2018 7:46:34 AM org.openqa.selenium.remote.ProtocolHandshake createSession
INFO: Detected dialect: OSS
]]></system-err>
  </testcase>
  <testcase name="emailValidation" classname="testCases.SignUpTest" time="10.059"/>
  <testcase name="errorValidationMessagesCheck" classname="testCases.SignUpTest" time="8.941"/>
  <testcase name="licensePlateNumberValidation" classname="testCases.SignUpTest" time="9.051"/>
  <testcase name="mobileNumberValidation" classname="testCases.SignUpTest" time="9.401"/>
  <testcase name="passwordValidations" classname="testCases.SignUpTest" time="8.356"/>
  <testcase name="silverCategoryGermanSignUp" classname="testCases.SignUpTest" time="12.145"/>
</testsuite>